<?xml version="1.0" encoding="UTF-8"?>
<!-- Generated by org.testng.reporters.JUnitReportReporter -->
<testsuite hostname="DESKTOP-Q52GEDQ" failures="0" tests="1" name="Basic1.OragnizationTest" time="9.037" errors="0" timestamp="2024-03-22T10:37:55 IST" skipped="0">
  <testcase classname="Basic1.OragnizationTest" name="createOragnizationTest" time="9.037"/>
  <system-out/>
</testsuite> <!-- Basic1.OragnizationTest -->
